<?xml version="1.0" encoding="UTF-8"?>
<!-- Generated by org.testng.reporters.JUnitReportReporter -->
<testsuite hostname="IN-J7W0BK3" failures="0" tests="1" name="Scenarios.AddBrocolli" time="4.923" errors="0" timestamp="2023-01-09T12:36:28 IST" skipped="0">
  <testcase classname="Scenarios.AddBrocolli" name="AddBrocolli" time="4.923"/>
  <system-out/>
</testsuite> <!-- Scenarios.AddBrocolli -->
