<?xml version="1.0" encoding="UTF-8"?>
<!-- Generated by org.testng.reporters.JUnitReportReporter -->
<testsuite hostname="IN-J7W0BK3" failures="0" tests="1" name="Scenarios.Add_Walnuts" time="5.548" errors="0" timestamp="2023-01-21T20:06:31 IST" skipped="0">
  <testcase classname="Scenarios.Add_Walnuts" name="Add_Walnuts" time="5.548"/>
  <system-out/>
</testsuite> <!-- Scenarios.Add_Walnuts -->
