<?xml version="1.0" encoding="UTF-8"?>
<!-- Generated by org.testng.reporters.JUnitReportReporter -->
<testsuite hostname="IN-J7W0BK3" failures="0" tests="1" name="Scenarios.First_Scenarios" time="26.182" errors="0" timestamp="2023-01-07T12:41:47 IST" skipped="0">
  <testcase classname="Scenarios.First_Scenarios" name="AddBrocolli" time="26.182"/>
  <system-out/>
</testsuite> <!-- Scenarios.First_Scenarios -->
